Mono path[0] = 'E:/Games/FinalEverAfter/FinalEverAfter/ClicheDatingSim_Data/Managed'
Mono config path = 'E:/Games/FinalEverAfter/FinalEverAfter/MonoBleedingEdge/etc'
Initialize engine version: 2022.1.13f1 (22856944e6d2)
[Subsystems] Discovering subsystems at path E:/Games/FinalEverAfter/FinalEverAfter/ClicheDatingSim_Data/UnitySubsystems
GfxDevice: creating device client; threaded=1; jobified=0
Direct3D:
    Version:  Direct3D 11.0 [level 11.1]
    Renderer: NVIDIA GeForce RTX 2080 Ti (ID=0x1e07)
    Vendor:   NVIDIA
    VRAM:     11049 MB
    Driver:   31.0.15.2206
Begin MonoManager ReloadAssembly
- Completed reload, in  0.076 seconds
<RI> Initializing input.
New input system (experimental) initialized
<RI> Input initialized.
<RI> Initialized touch support.
UnloadTime: 0.751400 ms
Unloading 6 Unused Serialized files (Serialized files now loaded: 0)
UnloadTime: 3.792400 ms
Unloading 3 unused Assets to reduce memory usage. Loaded Objects now: 1222.
Total: 0.754600 ms (FindLiveObjects: 0.051700 ms CreateObjectMapping: 0.017900 ms MarkObjects: 0.680400 ms  DeleteObjects: 0.004300 ms)

Unloading 5 Unused Serialized files (Serialized files now loaded: 0)
UnloadTime: 2.344200 ms
C:/Users/Declan Hiller/AppData/LocalLow/DefaultCompany/ClicheDatingSim/Prologue.json
C:/Users/Declan Hiller/AppData/LocalLow/DefaultCompany/ClicheDatingSim/Prologue.json
Unloading 2 unused Assets to reduce memory usage. Loaded Objects now: 1264.
Total: 0.614800 ms (FindLiveObjects: 0.056600 ms CreateObjectMapping: 0.018100 ms MarkObjects: 0.532600 ms  DeleteObjects: 0.007500 ms)

Unloading 4 Unused Serialized files (Serialized files now loaded: 0)
UnloadTime: 2.835300 ms
Unloading 15 unused Assets to reduce memory usage. Loaded Objects now: 1268.
Total: 0.863900 ms (FindLiveObjects: 0.055600 ms CreateObjectMapping: 0.018100 ms MarkObjects: 0.773800 ms  DeleteObjects: 0.016300 ms)

Unloading 6 Unused Serialized files (Serialized files now loaded: 0)
UnloadTime: 0.336000 ms
C:/Users/Declan Hiller/AppData/LocalLow/DefaultCompany/ClicheDatingSim/BadBoyChapter.json
C:/Users/Declan Hiller/AppData/LocalLow/DefaultCompany/ClicheDatingSim/BadBoyChapter.json
Unloading 2 unused Assets to reduce memory usage. Loaded Objects now: 1267.
Total: 0.883000 ms (FindLiveObjects: 0.102000 ms CreateObjectMapping: 0.025400 ms MarkObjects: 0.747400 ms  DeleteObjects: 0.008100 ms)

Unloading 3 Unused Serialized files (Serialized files now loaded: 0)
UnloadTime: 0.344500 ms
Unloading 15 unused Assets to reduce memory usage. Loaded Objects now: 1289.
Total: 0.886700 ms (FindLiveObjects: 0.060000 ms CreateObjectMapping: 0.018300 ms MarkObjects: 0.792500 ms  DeleteObjects: 0.015900 ms)

NullReferenceException
  at (wrapper managed-to-native) UnityEngine.MonoBehaviour.IsObjectMonoBehaviour(UnityEngine.Object)
  at UnityEngine.MonoBehaviour.StopCoroutine (UnityEngine.Coroutine routine) [0x00014] in <77122434f2d44333819d9ccd8a40fd2a>:0 
  at EventManager.UpdateDialogue (Dialogue dialogue) [0x00012] in <6ca13f15eeff457ca332f0f0b9cff91f>:0 
  at EventManager.UpdateCurrentEvent () [0x0001c] in <6ca13f15eeff457ca332f0f0b9cff91f>:0 
  at EventManager.ClickUpdate (UnityEngine.InputSystem.InputAction+CallbackContext context) [0x00002] in <6ca13f15eeff457ca332f0f0b9cff91f>:0 
  at UnityEngine.InputSystem.Utilities.DelegateHelpers.InvokeCallbacksSafe[TValue] (UnityEngine.InputSystem.Utilities.CallbackArray`1[System.Action`1[TValue]]& callbacks, TValue argument, System.String callbackName, System.Object context) [0x0001b] in <ceac788746aa415e86df763d49b99b54>:0 
UnityEngine.DebugLogHandler:Internal_LogException(Exception, Object)
UnityEngine.DebugLogHandler:LogException(Exception, Object)
UnityEngine.Logger:LogException(Exception, Object)
UnityEngine.Debug:LogException(Exception)
UnityEngine.InputSystem.Utilities.DelegateHelpers:InvokeCallbacksSafe(CallbackArray`1&, CallbackContext, String, Object)
UnityEngine.InputSystem.InputActionState:CallActionListeners(Int32, InputActionMap, InputActionPhase, CallbackArray`1&, String)
UnityEngine.InputSystem.InputActionState:ChangePhaseOfActionInternal(Int32, TriggerState*, InputActionPhase, TriggerState&)
UnityEngine.InputSystem.InputActionState:ChangePhaseOfAction(InputActionPhase, TriggerState&, InputActionPhase)
UnityEngine.InputSystem.InputActionState:ProcessDefaultInteraction(TriggerState&, Int32)
UnityEngine.InputSystem.InputActionState:ProcessControlStateChange(Int32, Int32, Int32, Double, InputEventPtr)
UnityEngine.InputSystem.InputActionState:UnityEngine.InputSystem.LowLevel.IInputStateChangeMonitor.NotifyControlStateChanged(InputControl, Double, InputEventPtr, Int64)
UnityEngine.InputSystem.InputManager:FireStateChangeNotifications(Int32, Double, InputEvent*)
UnityEngine.InputSystem.InputManager:UpdateState(InputDevice, InputUpdateType, Void*, UInt32, UInt32, Double, InputEventPtr)
UnityEngine.InputSystem.LowLevel.InputState:Change(InputControl, MouseState&, InputUpdateType, InputEventPtr)
UnityEngine.InputSystem.FastMouse:OnStateEvent(InputEventPtr)
UnityEngine.InputSystem.FastMouse:UnityEngine.InputSystem.LowLevel.IInputStateCallbackReceiver.OnStateEvent(InputEventPtr)
UnityEngine.InputSystem.InputManager:OnUpdate(InputUpdateType, InputEventBuffer&)
UnityEngine.InputSystem.LowLevel.<>c__DisplayClass7_0:<set_onUpdate>b__0(NativeInputUpdateType, NativeInputEventBuffer*)
UnityEngineInternal.Input.NativeInputSystem:NotifyUpdate(NativeInputUpdateType, IntPtr)

NullReferenceException while executing 'started' callbacks of 'Player/Click[/Keyboard/space,/Mouse/leftButton]'
NullReferenceException
  at (wrapper managed-to-native) UnityEngine.MonoBehaviour.IsObjectMonoBehaviour(UnityEngine.Object)
  at UnityEngine.MonoBehaviour.StopCoroutine (UnityEngine.Coroutine routine) [0x00014] in <77122434f2d44333819d9ccd8a40fd2a>:0 
  at EventManager.UpdateDialogue (Dialogue dialogue) [0x00012] in <6ca13f15eeff457ca332f0f0b9cff91f>:0 
  at EventManager.UpdateCurrentEvent () [0x0001c] in <6ca13f15eeff457ca332f0f0b9cff91f>:0 
  at EventManager.ClickUpdate (UnityEngine.InputSystem.InputAction+CallbackContext context) [0x00002] in <6ca13f15eeff457ca332f0f0b9cff91f>:0 
  at UnityEngine.InputSystem.Utilities.DelegateHelpers.InvokeCallbacksSafe[TValue] (UnityEngine.InputSystem.Utilities.CallbackArray`1[System.Action`1[TValue]]& callbacks, TValue argument, System.String callbackName, System.Object context) [0x0001b] in <ceac788746aa415e86df763d49b99b54>:0 
UnityEngine.DebugLogHandler:Internal_LogException(Exception, Object)
UnityEngine.DebugLogHandler:LogException(Exception, Object)
UnityEngine.Logger:LogException(Exception, Object)
UnityEngine.Debug:LogException(Exception)
UnityEngine.InputSystem.Utilities.DelegateHelpers:InvokeCallbacksSafe(CallbackArray`1&, CallbackContext, String, Object)
UnityEngine.InputSystem.InputActionState:CallActionListeners(Int32, InputActionMap, InputActionPhase, CallbackArray`1&, String)
UnityEngine.InputSystem.InputActionState:ChangePhaseOfActionInternal(Int32, TriggerState*, InputActionPhase, TriggerState&)
UnityEngine.InputSystem.InputActionState:ChangePhaseOfAction(InputActionPhase, TriggerState&, InputActionPhase)
UnityEngine.InputSystem.InputActionState:ProcessDefaultInteraction(TriggerState&, Int32)
UnityEngine.InputSystem.InputActionState:ProcessControlStateChange(Int32, Int32, Int32, Double, InputEventPtr)
UnityEngine.InputSystem.InputActionState:UnityEngine.InputSystem.LowLevel.IInputStateChangeMonitor.NotifyControlStateChanged(InputControl, Double, InputEventPtr, Int64)
UnityEngine.InputSystem.InputManager:FireStateChangeNotifications(Int32, Double, InputEvent*)
UnityEngine.InputSystem.InputManager:UpdateState(InputDevice, InputUpdateType, Void*, UInt32, UInt32, Double, InputEventPtr)
UnityEngine.InputSystem.LowLevel.InputState:Change(InputControl, MouseState&, InputUpdateType, InputEventPtr)
UnityEngine.InputSystem.FastMouse:OnStateEvent(InputEventPtr)
UnityEngine.InputSystem.FastMouse:UnityEngine.InputSystem.LowLevel.IInputStateCallbackReceiver.OnStateEvent(InputEventPtr)
UnityEngine.InputSystem.InputManager:OnUpdate(InputUpdateType, InputEventBuffer&)
UnityEngine.InputSystem.LowLevel.<>c__DisplayClass7_0:<set_onUpdate>b__0(NativeInputUpdateType, NativeInputEventBuffer*)
UnityEngineInternal.Input.NativeInputSystem:NotifyUpdate(NativeInputUpdateType, IntPtr)

NullReferenceException while executing 'started' callbacks of 'Player/Click[/Keyboard/space,/Mouse/leftButton]'
Unloading 4 Unused Serialized files (Serialized files now loaded: 0)
UnloadTime: 0.296200 ms
Unloading 1 unused Assets to reduce memory usage. Loaded Objects now: 1281.
Total: 0.853700 ms (FindLiveObjects: 0.054400 ms CreateObjectMapping: 0.017400 ms MarkObjects: 0.778500 ms  DeleteObjects: 0.003200 ms)

NullReferenceException
  at (wrapper managed-to-native) UnityEngine.MonoBehaviour.IsObjectMonoBehaviour(UnityEngine.Object)
  at UnityEngine.MonoBehaviour.StopCoroutine (UnityEngine.Coroutine routine) [0x00014] in <77122434f2d44333819d9ccd8a40fd2a>:0 
  at EventManager.UpdateDialogue (Dialogue dialogue) [0x00012] in <6ca13f15eeff457ca332f0f0b9cff91f>:0 
  at EventManager.UpdateCurrentEvent () [0x0001c] in <6ca13f15eeff457ca332f0f0b9cff91f>:0 
  at EventManager.ClickUpdate (UnityEngine.InputSystem.InputAction+CallbackContext context) [0x00002] in <6ca13f15eeff457ca332f0f0b9cff91f>:0 
  at UnityEngine.InputSystem.Utilities.DelegateHelpers.InvokeCallbacksSafe[TValue] (UnityEngine.InputSystem.Utilities.CallbackArray`1[System.Action`1[TValue]]& callbacks, TValue argument, System.String callbackName, System.Object context) [0x0001b] in <ceac788746aa415e86df763d49b99b54>:0 
UnityEngine.DebugLogHandler:Internal_LogException(Exception, Object)
UnityEngine.DebugLogHandler:LogException(Exception, Object)
UnityEngine.Logger:LogException(Exception, Object)
UnityEngine.Debug:LogException(Exception)
UnityEngine.InputSystem.Utilities.DelegateHelpers:InvokeCallbacksSafe(CallbackArray`1&, CallbackContext, String, Object)
UnityEngine.InputSystem.InputActionState:CallActionListeners(Int32, InputActionMap, InputActionPhase, CallbackArray`1&, String)
UnityEngine.InputSystem.InputActionState:ChangePhaseOfActionInternal(Int32, TriggerState*, InputActionPhase, TriggerState&)
UnityEngine.InputSystem.InputActionState:ChangePhaseOfAction(InputActionPhase, TriggerState&, InputActionPhase)
UnityEngine.InputSystem.InputActionState:ProcessDefaultInteraction(TriggerState&, Int32)
UnityEngine.InputSystem.InputActionState:ProcessControlStateChange(Int32, Int32, Int32, Double, InputEventPtr)
UnityEngine.InputSystem.InputActionState:UnityEngine.InputSystem.LowLevel.IInputStateChangeMonitor.NotifyControlStateChanged(InputControl, Double, InputEventPtr, Int64)
UnityEngine.InputSystem.InputManager:FireStateChangeNotifications(Int32, Double, InputEvent*)
UnityEngine.InputSystem.InputManager:UpdateState(InputDevice, InputUpdateType, Void*, UInt32, UInt32, Double, InputEventPtr)
UnityEngine.InputSystem.LowLevel.InputState:Change(InputControl, MouseState&, InputUpdateType, InputEventPtr)
UnityEngine.InputSystem.FastMouse:OnStateEvent(InputEventPtr)
UnityEngine.InputSystem.FastMouse:UnityEngine.InputSystem.LowLevel.IInputStateCallbackReceiver.OnStateEvent(InputEventPtr)
UnityEngine.InputSystem.InputManager:OnUpdate(InputUpdateType, InputEventBuffer&)
UnityEngine.InputSystem.LowLevel.<>c__DisplayClass7_0:<set_onUpdate>b__0(NativeInputUpdateType, NativeInputEventBuffer*)
UnityEngineInternal.Input.NativeInputSystem:NotifyUpdate(NativeInputUpdateType, IntPtr)

NullReferenceException while executing 'started' callbacks of 'Player/Click[/Keyboard/space,/Mouse/leftButton]'
Unloading 5 Unused Serialized files (Serialized files now loaded: 0)
UnloadTime: 0.277500 ms
C:/Users/Declan Hiller/AppData/LocalLow/DefaultCompany/ClicheDatingSim/Prologue.json
C:/Users/Declan Hiller/AppData/LocalLow/DefaultCompany/ClicheDatingSim/Prologue.json
Unloading 2 unused Assets to reduce memory usage. Loaded Objects now: 1268.
Total: 0.664500 ms (FindLiveObjects: 0.054100 ms CreateObjectMapping: 0.017500 ms MarkObjects: 0.588100 ms  DeleteObjects: 0.004800 ms)

NullReferenceException
  at (wrapper managed-to-native) UnityEngine.MonoBehaviour.IsObjectMonoBehaviour(UnityEngine.Object)
  at UnityEngine.MonoBehaviour.StopCoroutine (UnityEngine.Coroutine routine) [0x00014] in <77122434f2d44333819d9ccd8a40fd2a>:0 
  at EventManager.UpdateDialogue (Dialogue dialogue) [0x00012] in <6ca13f15eeff457ca332f0f0b9cff91f>:0 
  at EventManager.UpdateCurrentEvent () [0x0001c] in <6ca13f15eeff457ca332f0f0b9cff91f>:0 
  at EventManager.ClickUpdate (UnityEngine.InputSystem.InputAction+CallbackContext context) [0x00002] in <6ca13f15eeff457ca332f0f0b9cff91f>:0 
  at UnityEngine.InputSystem.Utilities.DelegateHelpers.InvokeCallbacksSafe[TValue] (UnityEngine.InputSystem.Utilities.CallbackArray`1[System.Action`1[TValue]]& callbacks, TValue argument, System.String callbackName, System.Object context) [0x0001b] in <ceac788746aa415e86df763d49b99b54>:0 
UnityEngine.DebugLogHandler:Internal_LogException(Exception, Object)
UnityEngine.DebugLogHandler:LogException(Exception, Object)
UnityEngine.Logger:LogException(Exception, Object)
UnityEngine.Debug:LogException(Exception)
UnityEngine.InputSystem.Utilities.DelegateHelpers:InvokeCallbacksSafe(CallbackArray`1&, CallbackContext, String, Object)
UnityEngine.InputSystem.InputActionState:CallActionListeners(Int32, InputActionMap, InputActionPhase, CallbackArray`1&, String)
UnityEngine.InputSystem.InputActionState:ChangePhaseOfActionInternal(Int32, TriggerState*, InputActionPhase, TriggerState&)
UnityEngine.InputSystem.InputActionState:ChangePhaseOfAction(InputActionPhase, TriggerState&, InputActionPhase)
UnityEngine.InputSystem.InputActionState:ProcessDefaultInteraction(TriggerState&, Int32)
UnityEngine.InputSystem.InputActionState:ProcessControlStateChange(Int32, Int32, Int32, Double, InputEventPtr)
UnityEngine.InputSystem.InputActionState:UnityEngine.InputSystem.LowLevel.IInputStateChangeMonitor.NotifyControlStateChanged(InputControl, Double, InputEventPtr, Int64)
UnityEngine.InputSystem.InputManager:FireStateChangeNotifications(Int32, Double, InputEvent*)
UnityEngine.InputSystem.InputManager:UpdateState(InputDevice, InputUpdateType, Void*, UInt32, UInt32, Double, InputEventPtr)
UnityEngine.InputSystem.LowLevel.InputState:Change(InputControl, MouseState&, InputUpdateType, InputEventPtr)
UnityEngine.InputSystem.FastMouse:OnStateEvent(InputEventPtr)
UnityEngine.InputSystem.FastMouse:UnityEngine.InputSystem.LowLevel.IInputStateCallbackReceiver.OnStateEvent(InputEventPtr)
UnityEngine.InputSystem.InputManager:OnUpdate(InputUpdateType, InputEventBuffer&)
UnityEngine.InputSystem.LowLevel.<>c__DisplayClass7_0:<set_onUpdate>b__0(NativeInputUpdateType, NativeInputEventBuffer*)
UnityEngineInternal.Input.NativeInputSystem:NotifyUpdate(NativeInputUpdateType, IntPtr)

NullReferenceException while executing 'started' callbacks of 'Player/Click[/Keyboard/space,/Mouse/leftButton]'
NullReferenceException
  at (wrapper managed-to-native) UnityEngine.MonoBehaviour.IsObjectMonoBehaviour(UnityEngine.Object)
  at UnityEngine.MonoBehaviour.StopCoroutine (UnityEngine.Coroutine routine) [0x00014] in <77122434f2d44333819d9ccd8a40fd2a>:0 
  at EventManager.UpdateDialogue (Dialogue dialogue) [0x00012] in <6ca13f15eeff457ca332f0f0b9cff91f>:0 
  at EventManager.UpdateCurrentEvent () [0x0001c] in <6ca13f15eeff457ca332f0f0b9cff91f>:0 
  at EventManager.ClickUpdate (UnityEngine.InputSystem.InputAction+CallbackContext context) [0x00002] in <6ca13f15eeff457ca332f0f0b9cff91f>:0 
  at UnityEngine.InputSystem.Utilities.DelegateHelpers.InvokeCallbacksSafe[TValue] (UnityEngine.InputSystem.Utilities.CallbackArray`1[System.Action`1[TValue]]& callbacks, TValue argument, System.String callbackName, System.Object context) [0x0001b] in <ceac788746aa415e86df763d49b99b54>:0 
UnityEngine.DebugLogHandler:Internal_LogException(Exception, Object)
UnityEngine.DebugLogHandler:LogException(Exception, Object)
UnityEngine.Logger:LogException(Exception, Object)
UnityEngine.Debug:LogException(Exception)
UnityEngine.InputSystem.Utilities.DelegateHelpers:InvokeCallbacksSafe(CallbackArray`1&, CallbackContext, String, Object)
UnityEngine.InputSystem.InputActionState:CallActionListeners(Int32, InputActionMap, InputActionPhase, CallbackArray`1&, String)
UnityEngine.InputSystem.InputActionState:ChangePhaseOfActionInternal(Int32, TriggerState*, InputActionPhase, TriggerState&)
UnityEngine.InputSystem.InputActionState:ChangePhaseOfAction(InputActionPhase, TriggerState&, InputActionPhase)
UnityEngine.InputSystem.InputActionState:ProcessDefaultInteraction(TriggerState&, Int32)
UnityEngine.InputSystem.InputActionState:ProcessControlStateChange(Int32, Int32, Int32, Double, InputEventPtr)
UnityEngine.InputSystem.InputActionState:UnityEngine.InputSystem.LowLevel.IInputStateChangeMonitor.NotifyControlStateChanged(InputControl, Double, InputEventPtr, Int64)
UnityEngine.InputSystem.InputManager:FireStateChangeNotifications(Int32, Double, InputEvent*)
UnityEngine.InputSystem.InputManager:UpdateState(InputDevice, InputUpdateType, Void*, UInt32, UInt32, Double, InputEventPtr)
UnityEngine.InputSystem.LowLevel.InputState:Change(InputControl, MouseState&, InputUpdateType, InputEventPtr)
UnityEngine.InputSystem.FastMouse:OnStateEvent(InputEventPtr)
UnityEngine.InputSystem.FastMouse:UnityEngine.InputSystem.LowLevel.IInputStateCallbackReceiver.OnStateEvent(InputEventPtr)
UnityEngine.InputSystem.InputManager:OnUpdate(InputUpdateType, InputEventBuffer&)
UnityEngine.InputSystem.LowLevel.<>c__DisplayClass7_0:<set_onUpdate>b__0(NativeInputUpdateType, NativeInputEventBuffer*)
UnityEngineInternal.Input.NativeInputSystem:NotifyUpdate(NativeInputUpdateType, IntPtr)

NullReferenceException while executing 'started' callbacks of 'Player/Click[/Keyboard/space,/Mouse/leftButton]'
Unloading 2 Unused Serialized files (Serialized files now loaded: 0)
UnloadTime: 0.303900 ms
Unloading 15 unused Assets to reduce memory usage. Loaded Objects now: 1290.
Total: 0.885100 ms (FindLiveObjects: 0.055400 ms CreateObjectMapping: 0.019100 ms MarkObjects: 0.797000 ms  DeleteObjects: 0.013500 ms)

NullReferenceException
  at (wrapper managed-to-native) UnityEngine.MonoBehaviour.IsObjectMonoBehaviour(UnityEngine.Object)
  at UnityEngine.MonoBehaviour.StopCoroutine (UnityEngine.Coroutine routine) [0x00014] in <77122434f2d44333819d9ccd8a40fd2a>:0 
  at EventManager.UpdateDialogue (Dialogue dialogue) [0x00012] in <6ca13f15eeff457ca332f0f0b9cff91f>:0 
  at EventManager.UpdateCurrentEvent () [0x0001c] in <6ca13f15eeff457ca332f0f0b9cff91f>:0 
  at EventManager.ClickUpdate (UnityEngine.InputSystem.InputAction+CallbackContext context) [0x00002] in <6ca13f15eeff457ca332f0f0b9cff91f>:0 
  at UnityEngine.InputSystem.Utilities.DelegateHelpers.InvokeCallbacksSafe[TValue] (UnityEngine.InputSystem.Utilities.CallbackArray`1[System.Action`1[TValue]]& callbacks, TValue argument, System.String callbackName, System.Object context) [0x0001b] in <ceac788746aa415e86df763d49b99b54>:0 
UnityEngine.DebugLogHandler:Internal_LogException(Exception, Object)
UnityEngine.DebugLogHandler:LogException(Exception, Object)
UnityEngine.Logger:LogException(Exception, Object)
UnityEngine.Debug:LogException(Exception)
UnityEngine.InputSystem.Utilities.DelegateHelpers:InvokeCallbacksSafe(CallbackArray`1&, CallbackContext, String, Object)
UnityEngine.InputSystem.InputActionState:CallActionListeners(Int32, InputActionMap, InputActionPhase, CallbackArray`1&, String)
UnityEngine.InputSystem.InputActionState:ChangePhaseOfActionInternal(Int32, TriggerState*, InputActionPhase, TriggerState&)
UnityEngine.InputSystem.InputActionState:ChangePhaseOfAction(InputActionPhase, TriggerState&, InputActionPhase)
UnityEngine.InputSystem.InputActionState:ProcessDefaultInteraction(TriggerState&, Int32)
UnityEngine.InputSystem.InputActionState:ProcessControlStateChange(Int32, Int32, Int32, Double, InputEventPtr)
UnityEngine.InputSystem.InputActionState:UnityEngine.InputSystem.LowLevel.IInputStateChangeMonitor.NotifyControlStateChanged(InputControl, Double, InputEventPtr, Int64)
UnityEngine.InputSystem.InputManager:FireStateChangeNotifications(Int32, Double, InputEvent*)
UnityEngine.InputSystem.InputManager:UpdateState(InputDevice, InputUpdateType, Void*, UInt32, UInt32, Double, InputEventPtr)
UnityEngine.InputSystem.LowLevel.InputState:Change(InputControl, MouseState&, InputUpdateType, InputEventPtr)
UnityEngine.InputSystem.FastMouse:OnStateEvent(InputEventPtr)
UnityEngine.InputSystem.FastMouse:UnityEngine.InputSystem.LowLevel.IInputStateCallbackReceiver.OnStateEvent(InputEventPtr)
UnityEngine.InputSystem.InputManager:OnUpdate(InputUpdateType, InputEventBuffer&)
UnityEngine.InputSystem.LowLevel.<>c__DisplayClass7_0:<set_onUpdate>b__0(NativeInputUpdateType, NativeInputEventBuffer*)
UnityEngineInternal.Input.NativeInputSystem:NotifyUpdate(NativeInputUpdateType, IntPtr)

NullReferenceException while executing 'started' callbacks of 'Player/Click[/Keyboard/space,/Mouse/leftButton]'
NullReferenceException
  at (wrapper managed-to-native) UnityEngine.MonoBehaviour.IsObjectMonoBehaviour(UnityEngine.Object)
  at UnityEngine.MonoBehaviour.StopCoroutine (UnityEngine.Coroutine routine) [0x00014] in <77122434f2d44333819d9ccd8a40fd2a>:0 
  at EventManager.UpdateDialogue (Dialogue dialogue) [0x00012] in <6ca13f15eeff457ca332f0f0b9cff91f>:0 
  at EventManager.UpdateCurrentEvent () [0x0001c] in <6ca13f15eeff457ca332f0f0b9cff91f>:0 
  at EventManager.ClickUpdate (UnityEngine.InputSystem.InputAction+CallbackContext context) [0x00002] in <6ca13f15eeff457ca332f0f0b9cff91f>:0 
  at UnityEngine.InputSystem.Utilities.DelegateHelpers.InvokeCallbacksSafe[TValue] (UnityEngine.InputSystem.Utilities.CallbackArray`1[System.Action`1[TValue]]& callbacks, TValue argument, System.String callbackName, System.Object context) [0x0001b] in <ceac788746aa415e86df763d49b99b54>:0 
UnityEngine.DebugLogHandler:Internal_LogException(Exception, Object)
UnityEngine.DebugLogHandler:LogException(Exception, Object)
UnityEngine.Logger:LogException(Exception, Object)
UnityEngine.Debug:LogException(Exception)
UnityEngine.InputSystem.Utilities.DelegateHelpers:InvokeCallbacksSafe(CallbackArray`1&, CallbackContext, String, Object)
UnityEngine.InputSystem.InputActionState:CallActionListeners(Int32, InputActionMap, InputActionPhase, CallbackArray`1&, String)
UnityEngine.InputSystem.InputActionState:ChangePhaseOfActionInternal(Int32, TriggerState*, InputActionPhase, TriggerState&)
UnityEngine.InputSystem.InputActionState:ChangePhaseOfAction(InputActionPhase, TriggerState&, InputActionPhase)
UnityEngine.InputSystem.InputActionState:ProcessDefaultInteraction(TriggerState&, Int32)
UnityEngine.InputSystem.InputActionState:ProcessControlStateChange(Int32, Int32, Int32, Double, InputEventPtr)
UnityEngine.InputSystem.InputActionState:UnityEngine.InputSystem.LowLevel.IInputStateChangeMonitor.NotifyControlStateChanged(InputControl, Double, InputEventPtr, Int64)
UnityEngine.InputSystem.InputManager:FireStateChangeNotifications(Int32, Double, InputEvent*)
UnityEngine.InputSystem.InputManager:UpdateState(InputDevice, InputUpdateType, Void*, UInt32, UInt32, Double, InputEventPtr)
UnityEngine.InputSystem.LowLevel.InputState:Change(InputControl, MouseState&, InputUpdateType, InputEventPtr)
UnityEngine.InputSystem.FastMouse:OnStateEvent(InputEventPtr)
UnityEngine.InputSystem.FastMouse:UnityEngine.InputSystem.LowLevel.IInputStateCallbackReceiver.OnStateEvent(InputEventPtr)
UnityEngine.InputSystem.InputManager:OnUpdate(InputUpdateType, InputEventBuffer&)
UnityEngine.InputSystem.LowLevel.<>c__DisplayClass7_0:<set_onUpdate>b__0(NativeInputUpdateType, NativeInputEventBuffer*)
UnityEngineInternal.Input.NativeInputSystem:NotifyUpdate(NativeInputUpdateType, IntPtr)

NullReferenceException while executing 'started' callbacks of 'Player/Click[/Keyboard/space,/Mouse/leftButton]'
Setting up 12 worker threads for Enlighten.
Memory Statistics:
[ALLOC_TEMP_TLS] TLS Allocator
  StackAllocators : 
    [ALLOC_TEMP_MAIN]
      Peak usage frame count: [0-1.0 KB]: 13362 frames, [1.0 KB-2.0 KB]: 1 frames, [4.0 KB-8.0 KB]: 11 frames, [8.0 KB-16.0 KB]: 3 frames, [128.0 KB-256.0 KB]: 8 frames, [2.0 MB-4.0 MB]: 1 frames
      Initial Block Size 4.0 MB
      Current Block Size 4.0 MB
      Peak Allocated Bytes 3.2 MB
      Overflow Count 0
    [ALLOC_TEMP_Job.Worker 18]
      Initial Block Size 256.0 KB
      Current Block Size 256.0 KB
      Peak Allocated Bytes 22.7 KB
      Overflow Count 0
    [ALLOC_TEMP_Loading.PreloadManager]
      Initial Block Size 256.0 KB
      Current Block Size 256.0 KB
      Peak Allocated Bytes 34.3 KB
      Overflow Count 36
    [ALLOC_TEMP_Background Job.Worker 8]
      Initial Block Size 32.0 KB
      Current Block Size 32.0 KB
      Peak Allocated Bytes 54 B
      Overflow Count 0
    [ALLOC_TEMP_Background Job.Worker 10]
      Initial Block Size 32.0 KB
      Current Block Size 32.0 KB
      Peak Allocated Bytes 54 B
      Overflow Count 0
    [ALLOC_TEMP_Job.Worker 16]
      Initial Block Size 256.0 KB
      Current Block Size 256.0 KB
      Peak Allocated Bytes 21.5 KB
      Overflow Count 0
    [ALLOC_TEMP_Background Job.Worker 6]
      Initial Block Size 32.0 KB
      Current Block Size 32.0 KB
      Peak Allocated Bytes 54 B
      Overflow Count 0
    [ALLOC_TEMP_Job.Worker 4]
      Initial Block Size 256.0 KB
      Current Block Size 256.0 KB
      Peak Allocated Bytes 23.3 KB
      Overflow Count 0
    [ALLOC_TEMP_Job.Worker 14]
      Initial Block Size 256.0 KB
      Current Block Size 256.0 KB
      Peak Allocated Bytes 21.5 KB
      Overflow Count 0
    [ALLOC_TEMP_Job.Worker 17]
      Initial Block Size 256.0 KB
      Current Block Size 256.0 KB
      Peak Allocated Bytes 23.3 KB
      Overflow Count 0
    [ALLOC_TEMP_Job.Worker 3]
      Initial Block Size 256.0 KB
      Current Block Size 256.0 KB
      Peak Allocated Bytes 23.3 KB
      Overflow Count 0
    [ALLOC_TEMP_Background Job.Worker 12]
      Initial Block Size 32.0 KB
      Current Block Size 32.0 KB
      Peak Allocated Bytes 54 B
      Overflow Count 0
    [ALLOC_TEMP_Background Job.Worker 1]
      Initial Block Size 32.0 KB
      Current Block Size 32.0 KB
      Peak Allocated Bytes 54 B
      Overflow Count 0
    [ALLOC_TEMP_AssetGarbageCollectorHelper] x 23
      Initial Block Size 64.0 KB
      Current Block Size 64.0 KB
      Peak Allocated Bytes 0 B
      Overflow Count 0
    [ALLOC_TEMP_Background Job.Worker 5]
      Initial Block Size 32.0 KB
      Current Block Size 32.0 KB
      Peak Allocated Bytes 54 B
      Overflow Count 0
    [ALLOC_TEMP_Background Job.Worker 13]
      Initial Block Size 32.0 KB
      Current Block Size 32.0 KB
      Peak Allocated Bytes 54 B
      Overflow Count 0
    [ALLOC_TEMP_Background Job.Worker 11]
      Initial Block Size 32.0 KB
      Current Block Size 32.0 KB
      Peak Allocated Bytes 54 B
      Overflow Count 0
    [ALLOC_TEMP_Job.Worker 2]
      Initial Block Size 256.0 KB
      Current Block Size 256.0 KB
      Peak Allocated Bytes 21.2 KB
      Overflow Count 0
    [ALLOC_TEMP_Background Job.Worker 3]
      Initial Block Size 32.0 KB
      Current Block Size 32.0 KB
      Peak Allocated Bytes 54 B
      Overflow Count 0
    [ALLOC_TEMP_Background Job.Worker 0]
      Initial Block Size 32.0 KB
      Current Block Size 32.0 KB
      Peak Allocated Bytes 54 B
      Overflow Count 0
    [ALLOC_TEMP_Job.Worker 20]
      Initial Block Size 256.0 KB
      Current Block Size 256.0 KB
      Peak Allocated Bytes 21.5 KB
      Overflow Count 0
    [ALLOC_TEMP_HIDInput]
      Initial Block Size 64.0 KB
      Current Block Size 64.0 KB
      Peak Allocated Bytes 10.9 KB
      Overflow Count 0
    [ALLOC_TEMP_Job.Worker 11]
      Initial Block Size 256.0 KB
      Current Block Size 256.0 KB
      Peak Allocated Bytes 22.7 KB
      Overflow Count 0
    [ALLOC_TEMP_Background Job.Worker 4]
      Initial Block Size 32.0 KB
      Current Block Size 32.0 KB
      Peak Allocated Bytes 54 B
      Overflow Count 0
    [ALLOC_TEMP_BatchDeleteObjects]
      Initial Block Size 64.0 KB
      Current Block Size 64.0 KB
      Peak Allocated Bytes 54 B
      Overflow Count 0
    [ALLOC_TEMP_Job.Worker 6]
      Initial Block Size 256.0 KB
      Current Block Size 256.0 KB
      Peak Allocated Bytes 22.7 KB
      Overflow Count 0
    [ALLOC_TEMP_Background Job.Worker 9]
      Initial Block Size 32.0 KB
      Current Block Size 32.0 KB
      Peak Allocated Bytes 54 B
      Overflow Count 0
    [ALLOC_TEMP_Job.Worker 0]
      Initial Block Size 256.0 KB
      Current Block Size 256.0 KB
      Peak Allocated Bytes 22.7 KB
      Overflow Count 0
    [ALLOC_TEMP_Job.Worker 21]
      Initial Block Size 256.0 KB
      Current Block Size 256.0 KB
      Peak Allocated Bytes 23.3 KB
      Overflow Count 0
    [ALLOC_TEMP_Background Job.Worker 14]
      Initial Block Size 32.0 KB
      Current Block Size 32.0 KB
      Peak Allocated Bytes 54 B
      Overflow Count 0
    [ALLOC_TEMP_Job.Worker 5]
      Initial Block Size 256.0 KB
      Current Block Size 256.0 KB
      Peak Allocated Bytes 21.5 KB
      Overflow Count 0
    [ALLOC_TEMP_Job.Worker 13]
      Initial Block Size 256.0 KB
      Current Block Size 256.0 KB
      Peak Allocated Bytes 22.7 KB
      Overflow Count 0
    [ALLOC_TEMP_EnlightenWorker] x 12
      Initial Block Size 64.0 KB
      Current Block Size 64.0 KB
      Peak Allocated Bytes 54 B
      Overflow Count 0
    [ALLOC_TEMP_Background Job.Worker 15]
      Initial Block Size 32.0 KB
      Current Block Size 32.0 KB
      Peak Allocated Bytes 54 B
      Overflow Count 0
    [ALLOC_TEMP_Background Job.Worker 2]
      Initial Block Size 32.0 KB
      Current Block Size 32.0 KB
      Peak Allocated Bytes 54 B
      Overflow Count 0
    [ALLOC_TEMP_Background Job.Worker 7]
      Initial Block Size 32.0 KB
      Current Block Size 32.0 KB
      Peak Allocated Bytes 54 B
      Overflow Count 0
    [ALLOC_TEMP_Job.Worker 22]
      Initial Block Size 256.0 KB
      Current Block Size 256.0 KB
      Peak Allocated Bytes 21.5 KB
      Overflow Count 0
    [ALLOC_TEMP_UnityGfxDeviceWorker]
      Initial Block Size 256.0 KB
      Current Block Size 256.0 KB
      Peak Allocated Bytes 6.0 KB
      Overflow Count 0
    [ALLOC_TEMP_Job.Worker 9]
      Initial Block Size 256.0 KB
      Current Block Size 256.0 KB
      Peak Allocated Bytes 21.5 KB
      Overflow Count 0
    [ALLOC_TEMP_Job.Worker 8]
      Initial Block Size 256.0 KB
      Current Block Size 256.0 KB
      Peak Allocated Bytes 23.3 KB
      Overflow Count 0
    [ALLOC_TEMP_Job.Worker 7]
      Initial Block Size 256.0 KB
      Current Block Size 256.0 KB
      Peak Allocated Bytes 22.7 KB
      Overflow Count 0
    [ALLOC_TEMP_Job.Worker 1]
      Initial Block Size 256.0 KB
      Current Block Size 256.0 KB
      Peak Allocated Bytes 23.3 KB
      Overflow Count 0
    [ALLOC_TEMP_Job.Worker 10]
      Initial Block Size 256.0 KB
      Current Block Size 256.0 KB
      Peak Allocated Bytes 21.5 KB
      Overflow Count 0
    [ALLOC_TEMP_Job.Worker 15]
      Initial Block Size 256.0 KB
      Current Block Size 256.0 KB
      Peak Allocated Bytes 21.5 KB
      Overflow Count 0
    [ALLOC_TEMP_Job.Worker 19]
      Initial Block Size 256.0 KB
      Current Block Size 256.0 KB
      Peak Allocated Bytes 21.5 KB
      Overflow Count 0
    [ALLOC_TEMP_Job.Worker 12]
      Initial Block Size 256.0 KB
      Current Block Size 256.0 KB
      Peak Allocated Bytes 21.2 KB
      Overflow Count 0
    [ALLOC_TEMP_Loading.AsyncRead]
      Initial Block Size 64.0 KB
      Current Block Size 64.0 KB
      Peak Allocated Bytes 258 B
      Overflow Count 0
[ALLOC_DEFAULT] Dual Thread Allocator
  Peak main deferred allocation count 18
    [ALLOC_BUCKET]
      Large Block size 4.0 MB
      Used Block count 1
      Peak Allocated bytes 0.9 MB
    [ALLOC_DEFAULT_MAIN]
      Peak usage frame count: [8.0 MB-16.0 MB]: 13385 frames, [64.0 MB-128.0 MB]: 1 frames
      Requested Block Size 16.0 MB
      Peak Block count 2
      Peak Allocated memory 75.4 MB
      Peak Large allocation bytes 48.4 MB
    [ALLOC_DEFAULT_THREAD]
      Peak usage frame count: [32.0 MB-64.0 MB]: 13386 frames
      Requested Block Size 16.0 MB
      Peak Block count 2
      Peak Allocated memory 43.6 MB
      Peak Large allocation bytes 16.0 MB
[ALLOC_TEMP_JOB_1_FRAME]
  Initial Block Size 2.0 MB
  Used Block Count 1
  Overflow Count (too large) 0
  Overflow Count (full) 0
[ALLOC_TEMP_JOB_2_FRAMES]
  Initial Block Size 2.0 MB
  Used Block Count 1
  Overflow Count (too large) 0
  Overflow Count (full) 0
[ALLOC_TEMP_JOB_4_FRAMES (JobTemp)]
  Initial Block Size 2.0 MB
  Used Block Count 2
  Overflow Count (too large) 0
  Overflow Count (full) 0
[ALLOC_TEMP_JOB_ASYNC (Background)]
  Initial Block Size 1.0 MB
  Used Block Count 3
  Overflow Count (too large) 0
  Overflow Count (full) 0
[ALLOC_GFX] Dual Thread Allocator
  Peak main deferred allocation count 1
    [ALLOC_BUCKET]
      Large Block size 4.0 MB
      Used Block count 1
      Peak Allocated bytes 0.9 MB
    [ALLOC_GFX_MAIN]
      Peak usage frame count: [32.0 KB-64.0 KB]: 9391 frames, [64.0 KB-128.0 KB]: 3639 frames, [128.0 KB-256.0 KB]: 355 frames, [2.0 MB-4.0 MB]: 1 frames
      Requested Block Size 16.0 MB
      Peak Block count 1
      Peak Allocated memory 2.7 MB
      Peak Large allocation bytes 0 B
    [ALLOC_GFX_THREAD]
      Peak usage frame count: [16.0 KB-32.0 KB]: 1230 frames, [128.0 KB-256.0 KB]: 12156 frames
      Requested Block Size 16.0 MB
      Peak Block count 1
      Peak Allocated memory 136.3 KB
      Peak Large allocation bytes 0 B
[ALLOC_CACHEOBJECTS] Dual Thread Allocator
  Peak main deferred allocation count 28
    [ALLOC_BUCKET]
      Large Block size 4.0 MB
      Used Block count 1
      Peak Allocated bytes 0.9 MB
    [ALLOC_CACHEOBJECTS_MAIN]
      Peak usage frame count: [1.0 MB-2.0 MB]: 13386 frames
      Requested Block Size 4.0 MB
      Peak Block count 1
      Peak Allocated memory 1.2 MB
      Peak Large allocation bytes 0 B
    [ALLOC_CACHEOBJECTS_THREAD]
      Peak usage frame count: [128.0 KB-256.0 KB]: 13377 frames, [256.0 KB-0.5 MB]: 9 frames
      Requested Block Size 4.0 MB
      Peak Block count 1
      Peak Allocated memory 374.9 KB
      Peak Large allocation bytes 0 B
[ALLOC_TYPETREE] Dual Thread Allocator
  Peak main deferred allocation count 0
    [ALLOC_BUCKET]
      Large Block size 4.0 MB
      Used Block count 1
      Peak Allocated bytes 0.9 MB
    [ALLOC_TYPETREE_MAIN]
      Peak usage frame count: [4.0 KB-8.0 KB]: 1230 frames, [16.0 KB-32.0 KB]: 12156 frames
      Requested Block Size 2.0 MB
      Peak Block count 1
      Peak Allocated memory 18.1 KB
      Peak Large allocation bytes 0 B
    [ALLOC_TYPETREE_THREAD]
      Peak usage frame count: [4.0 KB-8.0 KB]: 1230 frames, [16.0 KB-32.0 KB]: 12156 frames
      Requested Block Size 2.0 MB
      Peak Block count 1
      Peak Allocated memory 18.4 KB
      Peak Large allocation bytes 0 B
